<?xml version="1.0" encoding="UTF-8"?>
<testsuite xmlns:xsi="http://www.w3.org/2001/XMLSchema-instance" xsi:noNamespaceSchemaLocation="https://maven.apache.org/surefire/maven-surefire-plugin/xsd/surefire-test-report-3.0.xsd" version="3.0" name="cucumberUtils.Runner" time="25.616" tests="0" errors="0" skipped="0" failures="0">
  <properties>
    <property name="sun.desktop" value="windows"/>
    <property name="awt.toolkit" value="sun.awt.windows.WToolkit"/>
    <property name="file.encoding.pkg" value="sun.io"/>
    <property name="java.specification.version" value="1.8"/>
    <property name="webdriver.chrome.driver" value="C:\Users\shridharak\.cache\selenium\chromedriver\win64\121.0.6167.85\chromedriver.exe"/>
    <property name="sun.cpu.isalist" value="amd64"/>
    <property name="sun.jnu.encoding" value="Cp1252"/>
    <property name="java.class.path" value="C:\Users\shridharak\Downloads\almatar\almatar\target\test-classes;C:\Users\shridharak\Downloads\almatar\almatar\target\classes;C:\Users\shridharak\.m2\repository\io\cucumber\cucumber-java\7.6.0\cucumber-java-7.6.0.jar;C:\Users\shridharak\.m2\repository\io\cucumber\cucumber-core\7.6.0\cucumber-core-7.6.0.jar;C:\Users\shridharak\.m2\repository\io\cucumber\cucumber-gherkin\7.6.0\cucumber-gherkin-7.6.0.jar;C:\Users\shridharak\.m2\repository\io\cucumber\cucumber-gherkin-messages\7.6.0\cucumber-gherkin-messages-7.6.0.jar;C:\Users\shridharak\.m2\repository\io\cucumber\gherkin\24.0.0\gherkin-24.0.0.jar;C:\Users\shridharak\.m2\repository\io\cucumber\messages\19.0.0\messages-19.0.0.jar;C:\Users\shridharak\.m2\repository\io\cucumber\tag-expressions\4.1.0\tag-expressions-4.1.0.jar;C:\Users\shridharak\.m2\repository\io\cucumber\cucumber-expressions\16.0.0\cucumber-expressions-16.0.0.jar;C:\Users\shridharak\.m2\repository\io\cucumber\datatable\7.6.0\datatable-7.6.0.jar;C:\Users\shridharak\.m2\repository\io\cucumber\cucumber-plugin\7.6.0\cucumber-plugin-7.6.0.jar;C:\Users\shridharak\.m2\repository\io\cucumber\docstring\7.6.0\docstring-7.6.0.jar;C:\Users\shridharak\.m2\repository\io\cucumber\html-formatter\20.0.0\html-formatter-20.0.0.jar;C:\Users\shridharak\.m2\repository\io\cucumber\ci-environment\9.1.0\ci-environment-9.1.0.jar;C:\Users\shridharak\.m2\repository\org\apiguardian\apiguardian-api\1.1.2\apiguardian-api-1.1.2.jar;C:\Users\shridharak\.m2\repository\io\cucumber\cucumber-picocontainer\4.3.0\cucumber-picocontainer-4.3.0.jar;C:\Users\shridharak\.m2\repository\org\picocontainer\picocontainer\2.15\picocontainer-2.15.jar;C:\Users\shridharak\.m2\repository\com\github\mkolisnyk\cucumber-runner\1.3.5\cucumber-runner-1.3.5.jar;C:\Users\shridharak\.m2\repository\com\github\mkolisnyk\cucumber-report-generator\1.3.5\cucumber-report-generator-1.3.5.jar;C:\Users\shridharak\.m2\repository\org\freemarker\freemarker\2.3.26-incubating\freemarker-2.3.26-incubating.jar;C:\Users\shridharak\.m2\repository\xml-apis\xml-apis\1.4.01\xml-apis-1.4.01.jar;C:\Users\shridharak\.m2\repository\batik\batik-transcoder\1.6-1\batik-transcoder-1.6-1.jar;C:\Users\shridharak\.m2\repository\batik\batik-bridge\1.6-1\batik-bridge-1.6-1.jar;C:\Users\shridharak\.m2\repository\batik\batik-gvt\1.6-1\batik-gvt-1.6-1.jar;C:\Users\shridharak\.m2\repository\batik\batik-awt-util\1.6-1\batik-awt-util-1.6-1.jar;C:\Users\shridharak\.m2\repository\batik\batik-util\1.6-1\batik-util-1.6-1.jar;C:\Users\shridharak\.m2\repository\batik\batik-gui-util\1.6-1\batik-gui-util-1.6-1.jar;C:\Users\shridharak\.m2\repository\batik\batik-ext\1.6-1\batik-ext-1.6-1.jar;C:\Users\shridharak\.m2\repository\xml-apis\xmlParserAPIs\2.0.2\xmlParserAPIs-2.0.2.jar;C:\Users\shridharak\.m2\repository\batik\batik-script\1.6-1\batik-script-1.6-1.jar;C:\Users\shridharak\.m2\repository\rhino\js\1.5R4.1\js-1.5R4.1.jar;C:\Users\shridharak\.m2\repository\batik\batik-svg-dom\1.6-1\batik-svg-dom-1.6-1.jar;C:\Users\shridharak\.m2\repository\batik\batik-dom\1.6-1\batik-dom-1.6-1.jar;C:\Users\shridharak\.m2\repository\batik\batik-css\1.6-1\batik-css-1.6-1.jar;C:\Users\shridharak\.m2\repository\batik\batik-xml\1.6-1\batik-xml-1.6-1.jar;C:\Users\shridharak\.m2\repository\xerces\xercesImpl\2.5.0\xercesImpl-2.5.0.jar;C:\Users\shridharak\.m2\repository\batik\batik-parser\1.6-1\batik-parser-1.6-1.jar;C:\Users\shridharak\.m2\repository\com\itextpdf\itextpdf\5.5.11\itextpdf-5.5.11.jar;C:\Users\shridharak\.m2\repository\com\cedarsoftware\json-io\4.9.12\json-io-4.9.12.jar;C:\Users\shridharak\.m2\repository\info\cukes\cucumber-junit\1.2.5\cucumber-junit-1.2.5.jar;C:\Users\shridharak\.m2\repository\info\cukes\cucumber-core\1.2.5\cucumber-core-1.2.5.jar;C:\Users\shridharak\.m2\repository\info\cukes\cucumber-html\0.2.3\cucumber-html-0.2.3.jar;C:\Users\shridharak\.m2\repository\info\cukes\cucumber-jvm-deps\1.0.5\cucumber-jvm-deps-1.0.5.jar;C:\Users\shridharak\.m2\repository\info\cukes\gherkin\2.12.2\gherkin-2.12.2.jar;C:\Users\shridharak\.m2\repository\info\cukes\cucumber-testng\1.2.5\cucumber-testng-1.2.5.jar;C:\Users\shridharak\.m2\repository\org\testng\testng\6.9.10\testng-6.9.10.jar;C:\Users\shridharak\.m2\repository\org\beanshell\bsh\2.0b4\bsh-2.0b4.jar;C:\Users\shridharak\.m2\repository\org\xhtmlrenderer\flying-saucer-pdf\9.1.7\flying-saucer-pdf-9.1.7.jar;C:\Users\shridharak\.m2\repository\com\lowagie\itext\2.1.7\itext-2.1.7.jar;C:\Users\shridharak\.m2\repository\org\bouncycastle\bctsp-jdk14\1.38\bctsp-jdk14-1.38.jar;C:\Users\shridharak\.m2\repository\org\xhtmlrenderer\flying-saucer-core\9.1.7\flying-saucer-core-9.1.7.jar;C:\Users\shridharak\.m2\repository\org\apache\commons\commons-lang3\3.6\commons-lang3-3.6.jar;C:\Users\shridharak\.m2\repository\commons-codec\commons-codec\1.10\commons-codec-1.10.jar;C:\Users\shridharak\.m2\repository\org\javassist\javassist\3.22.0-CR2\javassist-3.22.0-CR2.jar;C:\Users\shridharak\.m2\repository\joda-time\joda-time\2.9.9\joda-time-2.9.9.jar;C:\Users\shridharak\.m2\repository\org\codehaus\plexus\plexus-utils\3.0.1\plexus-utils-3.0.1.jar;C:\Users\shridharak\.m2\repository\org\apache\maven\maven-plugin-api\2.0\maven-plugin-api-2.0.jar;C:\Users\shridharak\.m2\repository\org\apache\maven\reporting\maven-reporting-api\2.0.8\maven-reporting-api-2.0.8.jar;C:\Users\shridharak\.m2\repository\org\apache\maven\doxia\doxia-sink-api\1.0-alpha-9\doxia-sink-api-1.0-alpha-9.jar;C:\Users\shridharak\.m2\repository\org\apache\maven\reporting\maven-reporting-impl\2.0.4.3\maven-reporting-impl-2.0.4.3.jar;C:\Users\shridharak\.m2\repository\org\apache\maven\maven-project\2.0.4\maven-project-2.0.4.jar;C:\Users\shridharak\.m2\repository\org\apache\maven\maven-settings\2.0.4\maven-settings-2.0.4.jar;C:\Users\shridharak\.m2\repository\org\apache\maven\maven-profile\2.0.4\maven-profile-2.0.4.jar;C:\Users\shridharak\.m2\repository\org\apache\maven\maven-model\2.0.4\maven-model-2.0.4.jar;C:\Users\shridharak\.m2\repository\org\apache\maven\maven-artifact-manager\2.0.4\maven-artifact-manager-2.0.4.jar;C:\Users\shridharak\.m2\repository\org\apache\maven\maven-repository-metadata\2.0.4\maven-repository-metadata-2.0.4.jar;C:\Users\shridharak\.m2\repository\org\apache\maven\wagon\wagon-provider-api\1.0-alpha-6\wagon-provider-api-1.0-alpha-6.jar;C:\Users\shridharak\.m2\repository\org\apache\maven\maven-artifact\2.0.4\maven-artifact-2.0.4.jar;C:\Users\shridharak\.m2\repository\org\codehaus\plexus\plexus-container-default\1.0-alpha-9\plexus-container-default-1.0-alpha-9.jar;C:\Users\shridharak\.m2\repository\classworlds\classworlds\1.1-alpha-2\classworlds-1.1-alpha-2.jar;C:\Users\shridharak\.m2\repository\org\apache\maven\doxia\doxia-core\1.0\doxia-core-1.0.jar;C:\Users\shridharak\.m2\repository\org\apache\maven\doxia\doxia-site-renderer\1.0\doxia-site-renderer-1.0.jar;C:\Users\shridharak\.m2\repository\org\codehaus\plexus\plexus-i18n\1.0-beta-7\plexus-i18n-1.0-beta-7.jar;C:\Users\shridharak\.m2\repository\org\codehaus\plexus\plexus-velocity\1.1.7\plexus-velocity-1.1.7.jar;C:\Users\shridharak\.m2\repository\org\apache\velocity\velocity\1.5\velocity-1.5.jar;C:\Users\shridharak\.m2\repository\commons-lang\commons-lang\2.1\commons-lang-2.1.jar;C:\Users\shridharak\.m2\repository\org\apache\maven\doxia\doxia-decoration-model\1.0\doxia-decoration-model-1.0.jar;C:\Users\shridharak\.m2\repository\commons-collections\commons-collections\3.2\commons-collections-3.2.jar;C:\Users\shridharak\.m2\repository\org\apache\maven\doxia\doxia-module-apt\1.0\doxia-module-apt-1.0.jar;C:\Users\shridharak\.m2\repository\org\apache\maven\doxia\doxia-module-fml\1.0\doxia-module-fml-1.0.jar;C:\Users\shridharak\.m2\repository\org\apache\maven\doxia\doxia-module-xdoc\1.0\doxia-module-xdoc-1.0.jar;C:\Users\shridharak\.m2\repository\org\apache\maven\doxia\doxia-module-xhtml\1.0\doxia-module-xhtml-1.0.jar;C:\Users\shridharak\.m2\repository\commons-validator\commons-validator\1.2.0\commons-validator-1.2.0.jar;C:\Users\shridharak\.m2\repository\commons-beanutils\commons-beanutils\1.7.0\commons-beanutils-1.7.0.jar;C:\Users\shridharak\.m2\repository\commons-digester\commons-digester\1.6\commons-digester-1.6.jar;C:\Users\shridharak\.m2\repository\commons-logging\commons-logging\1.0.4\commons-logging-1.0.4.jar;C:\Users\shridharak\.m2\repository\oro\oro\2.0.8\oro-2.0.8.jar;C:\Users\shridharak\.m2\repository\org\apache\maven\shared\maven-doxia-tools\1.0.2\maven-doxia-tools-1.0.2.jar;C:\Users\shridharak\.m2\repository\io\cucumber\cucumber-junit\7.6.0\cucumber-junit-7.6.0.jar;C:\Users\shridharak\.m2\repository\org\seleniumhq\selenium\selenium-java\4.7.2\selenium-java-4.7.2.jar;C:\Users\shridharak\.m2\repository\org\seleniumhq\selenium\selenium-api\4.7.2\selenium-api-4.7.2.jar;C:\Users\shridharak\.m2\repository\org\seleniumhq\selenium\selenium-chrome-driver\4.7.2\selenium-chrome-driver-4.7.2.jar;C:\Users\shridharak\.m2\repository\com\google\auto\service\auto-service-annotations\1.0.1\auto-service-annotations-1.0.1.jar;C:\Users\shridharak\.m2\repository\com\google\auto\service\auto-service\1.0.1\auto-service-1.0.1.jar;C:\Users\shridharak\.m2\repository\com\google\auto\auto-common\1.2\auto-common-1.2.jar;C:\Users\shridharak\.m2\repository\com\google\guava\guava\31.1-jre\guava-31.1-jre.jar;C:\Users\shridharak\.m2\repository\com\google\guava\failureaccess\1.0.1\failureaccess-1.0.1.jar;C:\Users\shridharak\.m2\repository\com\google\guava\listenablefuture\9999.0-empty-to-avoid-conflict-with-guava\listenablefuture-9999.0-empty-to-avoid-conflict-with-guava.jar;C:\Users\shridharak\.m2\repository\com\google\code\findbugs\jsr305\3.0.2\jsr305-3.0.2.jar;C:\Users\shridharak\.m2\repository\org\checkerframework\checker-qual\3.12.0\checker-qual-3.12.0.jar;C:\Users\shridharak\.m2\repository\com\google\errorprone\error_prone_annotations\2.11.0\error_prone_annotations-2.11.0.jar;C:\Users\shridharak\.m2\repository\com\google\j2objc\j2objc-annotations\1.3\j2objc-annotations-1.3.jar;C:\Users\shridharak\.m2\repository\org\seleniumhq\selenium\selenium-chromium-driver\4.7.2\selenium-chromium-driver-4.7.2.jar;C:\Users\shridharak\.m2\repository\org\seleniumhq\selenium\selenium-json\4.7.2\selenium-json-4.7.2.jar;C:\Users\shridharak\.m2\repository\org\seleniumhq\selenium\selenium-devtools-v106\4.7.2\selenium-devtools-v106-4.7.2.jar;C:\Users\shridharak\.m2\repository\org\seleniumhq\selenium\selenium-devtools-v107\4.7.2\selenium-devtools-v107-4.7.2.jar;C:\Users\shridharak\.m2\repository\org\seleniumhq\selenium\selenium-devtools-v108\4.7.2\selenium-devtools-v108-4.7.2.jar;C:\Users\shridharak\.m2\repository\org\seleniumhq\selenium\selenium-devtools-v85\4.7.2\selenium-devtools-v85-4.7.2.jar;C:\Users\shridharak\.m2\repository\org\seleniumhq\selenium\selenium-edge-driver\4.7.2\selenium-edge-driver-4.7.2.jar;C:\Users\shridharak\.m2\repository\org\seleniumhq\selenium\selenium-firefox-driver\4.7.2\selenium-firefox-driver-4.7.2.jar;C:\Users\shridharak\.m2\repository\org\seleniumhq\selenium\selenium-http\4.7.2\selenium-http-4.7.2.jar;C:\Users\shridharak\.m2\repository\dev\failsafe\failsafe\3.3.0\failsafe-3.3.0.jar;C:\Users\shridharak\.m2\repository\org\seleniumhq\selenium\selenium-ie-driver\4.7.2\selenium-ie-driver-4.7.2.jar;C:\Users\shridharak\.m2\repository\org\seleniumhq\selenium\selenium-remote-driver\4.7.2\selenium-remote-driver-4.7.2.jar;C:\Users\shridharak\.m2\repository\com\beust\jcommander\1.82\jcommander-1.82.jar;C:\Users\shridharak\.m2\repository\io\netty\netty-buffer\4.1.84.Final\netty-buffer-4.1.84.Final.jar;C:\Users\shridharak\.m2\repository\io\netty\netty-codec-http\4.1.84.Final\netty-codec-http-4.1.84.Final.jar;C:\Users\shridharak\.m2\repository\io\netty\netty-codec\4.1.84.Final\netty-codec-4.1.84.Final.jar;C:\Users\shridharak\.m2\repository\io\netty\netty-handler\4.1.84.Final\netty-handler-4.1.84.Final.jar;C:\Users\shridharak\.m2\repository\io\netty\netty-common\4.1.84.Final\netty-common-4.1.84.Final.jar;C:\Users\shridharak\.m2\repository\io\netty\netty-transport-classes-epoll\4.1.84.Final\netty-transport-classes-epoll-4.1.84.Final.jar;C:\Users\shridharak\.m2\repository\io\netty\netty-transport-classes-kqueue\4.1.84.Final\netty-transport-classes-kqueue-4.1.84.Final.jar;C:\Users\shridharak\.m2\repository\io\netty\netty-transport-native-epoll\4.1.84.Final\netty-transport-native-epoll-4.1.84.Final.jar;C:\Users\shridharak\.m2\repository\io\netty\netty-transport-native-kqueue\4.1.84.Final\netty-transport-native-kqueue-4.1.84.Final.jar;C:\Users\shridharak\.m2\repository\io\netty\netty-transport-native-unix-common\4.1.84.Final\netty-transport-native-unix-common-4.1.84.Final.jar;C:\Users\shridharak\.m2\repository\io\netty\netty-transport\4.1.84.Final\netty-transport-4.1.84.Final.jar;C:\Users\shridharak\.m2\repository\io\netty\netty-resolver\4.1.84.Final\netty-resolver-4.1.84.Final.jar;C:\Users\shridharak\.m2\repository\io\opentelemetry\opentelemetry-api\1.19.0\opentelemetry-api-1.19.0.jar;C:\Users\shridharak\.m2\repository\io\opentelemetry\opentelemetry-context\1.19.0\opentelemetry-context-1.19.0.jar;C:\Users\shridharak\.m2\repository\io\opentelemetry\opentelemetry-exporter-logging\1.19.0\opentelemetry-exporter-logging-1.19.0.jar;C:\Users\shridharak\.m2\repository\io\opentelemetry\opentelemetry-sdk-metrics\1.19.0\opentelemetry-sdk-metrics-1.19.0.jar;C:\Users\shridharak\.m2\repository\io\opentelemetry\opentelemetry-sdk-logs\1.19.0-alpha\opentelemetry-sdk-logs-1.19.0-alpha.jar;C:\Users\shridharak\.m2\repository\io\opentelemetry\opentelemetry-api-logs\1.19.0-alpha\opentelemetry-api-logs-1.19.0-alpha.jar;C:\Users\shridharak\.m2\repository\io\opentelemetry\opentelemetry-sdk-common\1.19.0\opentelemetry-sdk-common-1.19.0.jar;C:\Users\shridharak\.m2\repository\io\opentelemetry\opentelemetry-sdk-extension-autoconfigure-spi\1.19.0\opentelemetry-sdk-extension-autoconfigure-spi-1.19.0.jar;C:\Users\shridharak\.m2\repository\io\opentelemetry\opentelemetry-sdk-extension-autoconfigure\1.19.0-alpha\opentelemetry-sdk-extension-autoconfigure-1.19.0-alpha.jar;C:\Users\shridharak\.m2\repository\io\opentelemetry\opentelemetry-exporter-common\1.19.0\opentelemetry-exporter-common-1.19.0.jar;C:\Users\shridharak\.m2\repository\io\opentelemetry\opentelemetry-sdk-trace\1.19.0\opentelemetry-sdk-trace-1.19.0.jar;C:\Users\shridharak\.m2\repository\io\opentelemetry\opentelemetry-sdk\1.19.0\opentelemetry-sdk-1.19.0.jar;C:\Users\shridharak\.m2\repository\io\opentelemetry\opentelemetry-semconv\1.19.0-alpha\opentelemetry-semconv-1.19.0-alpha.jar;C:\Users\shridharak\.m2\repository\io\ous\jtoml\2.0.0\jtoml-2.0.0.jar;C:\Users\shridharak\.m2\repository\net\bytebuddy\byte-buddy\1.12.18\byte-buddy-1.12.18.jar;C:\Users\shridharak\.m2\repository\org\apache\commons\commons-exec\1.3\commons-exec-1.3.jar;C:\Users\shridharak\.m2\repository\org\asynchttpclient\async-http-client\2.12.3\async-http-client-2.12.3.jar;C:\Users\shridharak\.m2\repository\org\asynchttpclient\async-http-client-netty-utils\2.12.3\async-http-client-netty-utils-2.12.3.jar;C:\Users\shridharak\.m2\repository\io\netty\netty-codec-socks\4.1.60.Final\netty-codec-socks-4.1.60.Final.jar;C:\Users\shridharak\.m2\repository\io\netty\netty-handler-proxy\4.1.60.Final\netty-handler-proxy-4.1.60.Final.jar;C:\Users\shridharak\.m2\repository\io\netty\netty-transport-native-epoll\4.1.60.Final\netty-transport-native-epoll-4.1.60.Final-linux-x86_64.jar;C:\Users\shridharak\.m2\repository\io\netty\netty-transport-native-kqueue\4.1.60.Final\netty-transport-native-kqueue-4.1.60.Final-osx-x86_64.jar;C:\Users\shridharak\.m2\repository\org\reactivestreams\reactive-streams\1.0.3\reactive-streams-1.0.3.jar;C:\Users\shridharak\.m2\repository\com\typesafe\netty\netty-reactive-streams\2.0.4\netty-reactive-streams-2.0.4.jar;C:\Users\shridharak\.m2\repository\com\sun\activation\jakarta.activation\1.2.2\jakarta.activation-1.2.2.jar;C:\Users\shridharak\.m2\repository\org\seleniumhq\selenium\selenium-manager\4.7.2\selenium-manager-4.7.2.jar;C:\Users\shridharak\.m2\repository\org\seleniumhq\selenium\selenium-safari-driver\4.7.2\selenium-safari-driver-4.7.2.jar;C:\Users\shridharak\.m2\repository\org\seleniumhq\selenium\selenium-support\4.7.2\selenium-support-4.7.2.jar;C:\Users\shridharak\.m2\repository\io\github\bonigarcia\webdrivermanager\5.6.3\webdrivermanager-5.6.3.jar;C:\Users\shridharak\.m2\repository\org\slf4j\slf4j-api\2.0.10\slf4j-api-2.0.10.jar;C:\Users\shridharak\.m2\repository\com\google\code\gson\gson\2.10.1\gson-2.10.1.jar;C:\Users\shridharak\.m2\repository\com\github\docker-java\docker-java\3.3.4\docker-java-3.3.4.jar;C:\Users\shridharak\.m2\repository\com\github\docker-java\docker-java-core\3.3.4\docker-java-core-3.3.4.jar;C:\Users\shridharak\.m2\repository\com\github\docker-java\docker-java-api\3.3.4\docker-java-api-3.3.4.jar;C:\Users\shridharak\.m2\repository\com\fasterxml\jackson\core\jackson-annotations\2.10.3\jackson-annotations-2.10.3.jar;C:\Users\shridharak\.m2\repository\com\fasterxml\jackson\core\jackson-databind\2.10.3\jackson-databind-2.10.3.jar;C:\Users\shridharak\.m2\repository\com\fasterxml\jackson\core\jackson-core\2.10.3\jackson-core-2.10.3.jar;C:\Users\shridharak\.m2\repository\org\bouncycastle\bcpkix-jdk18on\1.76\bcpkix-jdk18on-1.76.jar;C:\Users\shridharak\.m2\repository\org\bouncycastle\bcprov-jdk18on\1.76\bcprov-jdk18on-1.76.jar;C:\Users\shridharak\.m2\repository\org\bouncycastle\bcutil-jdk18on\1.76\bcutil-jdk18on-1.76.jar;C:\Users\shridharak\.m2\repository\org\slf4j\jcl-over-slf4j\1.7.30\jcl-over-slf4j-1.7.30.jar;C:\Users\shridharak\.m2\repository\com\github\docker-java\docker-java-transport-httpclient5\3.3.4\docker-java-transport-httpclient5-3.3.4.jar;C:\Users\shridharak\.m2\repository\com\github\docker-java\docker-java-transport\3.3.4\docker-java-transport-3.3.4.jar;C:\Users\shridharak\.m2\repository\net\java\dev\jna\jna\5.13.0\jna-5.13.0.jar;C:\Users\shridharak\.m2\repository\org\brotli\dec\0.1.2\dec-0.1.2.jar;C:\Users\shridharak\.m2\repository\org\apache\commons\commons-compress\1.25.0\commons-compress-1.25.0.jar;C:\Users\shridharak\.m2\repository\org\apache\httpcomponents\client5\httpclient5\5.2.1\httpclient5-5.2.1.jar;C:\Users\shridharak\.m2\repository\org\apache\httpcomponents\core5\httpcore5\5.2\httpcore5-5.2.jar;C:\Users\shridharak\.m2\repository\org\apache\httpcomponents\core5\httpcore5-h2\5.2\httpcore5-h2-5.2.jar;C:\Users\shridharak\.m2\repository\junit\junit\4.13.2\junit-4.13.2.jar;C:\Users\shridharak\.m2\repository\org\hamcrest\hamcrest-core\1.3\hamcrest-core-1.3.jar;C:\Users\shridharak\.m2\repository\org\apache\directory\studio\org.apache.commons.io\2.4\org.apache.commons.io-2.4.jar;C:\Users\shridharak\.m2\repository\commons-io\commons-io\2.4\commons-io-2.4.jar;C:\Users\shridharak\.m2\repository\org\json\json\20160810\json-20160810.jar;C:\Users\shridharak\.m2\repository\com\jayway\jsonpath\json-path\2.7.0\json-path-2.7.0.jar;C:\Users\shridharak\.m2\repository\net\minidev\json-smart\2.4.7\json-smart-2.4.7.jar;C:\Users\shridharak\.m2\repository\net\minidev\accessors-smart\2.4.7\accessors-smart-2.4.7.jar;C:\Users\shridharak\.m2\repository\org\ow2\asm\asm\9.1\asm-9.1.jar;C:\Users\shridharak\.m2\repository\com\github\javafaker\javafaker\1.0.1\javafaker-1.0.1.jar;C:\Users\shridharak\.m2\repository\org\yaml\snakeyaml\1.23\snakeyaml-1.23-android.jar;C:\Users\shridharak\.m2\repository\com\github\mifmif\generex\1.0.2\generex-1.0.2.jar;C:\Users\shridharak\.m2\repository\dk\brics\automaton\automaton\1.11-8\automaton-1.11-8.jar;"/>
    <property name="java.vm.vendor" value="Oracle Corporation"/>
    <property name="sun.arch.data.model" value="64"/>
    <property name="user.variant" value=""/>
    <property name="java.vendor.url" value="http://java.oracle.com/"/>
    <property name="user.timezone" value="Asia/Calcutta"/>
    <property name="java.vm.specification.version" value="1.8"/>
    <property name="os.name" value="Windows 11"/>
    <property name="user.country" value="US"/>
    <property name="sun.java.launcher" value="SUN_STANDARD"/>
    <property name="sun.boot.library.path" value="C:\Program Files\Java\jdk-1.8\jre\bin"/>
    <property name="sun.java.command" value="C:\Users\shridharak\AppData\Local\Temp\surefire2153231093280260620\surefirebooter-20240203202440442_3.jar C:\Users\shridharak\AppData\Local\Temp\surefire2153231093280260620 2024-02-03T20-24-25_268-jvmRun1 surefire-20240203202440442_1tmp surefire_0-20240203202440442_2tmp"/>
    <property name="surefire.test.class.path" value="C:\Users\shridharak\Downloads\almatar\almatar\target\test-classes;C:\Users\shridharak\Downloads\almatar\almatar\target\classes;C:\Users\shridharak\.m2\repository\io\cucumber\cucumber-java\7.6.0\cucumber-java-7.6.0.jar;C:\Users\shridharak\.m2\repository\io\cucumber\cucumber-core\7.6.0\cucumber-core-7.6.0.jar;C:\Users\shridharak\.m2\repository\io\cucumber\cucumber-gherkin\7.6.0\cucumber-gherkin-7.6.0.jar;C:\Users\shridharak\.m2\repository\io\cucumber\cucumber-gherkin-messages\7.6.0\cucumber-gherkin-messages-7.6.0.jar;C:\Users\shridharak\.m2\repository\io\cucumber\gherkin\24.0.0\gherkin-24.0.0.jar;C:\Users\shridharak\.m2\repository\io\cucumber\messages\19.0.0\messages-19.0.0.jar;C:\Users\shridharak\.m2\repository\io\cucumber\tag-expressions\4.1.0\tag-expressions-4.1.0.jar;C:\Users\shridharak\.m2\repository\io\cucumber\cucumber-expressions\16.0.0\cucumber-expressions-16.0.0.jar;C:\Users\shridharak\.m2\repository\io\cucumber\datatable\7.6.0\datatable-7.6.0.jar;C:\Users\shridharak\.m2\repository\io\cucumber\cucumber-plugin\7.6.0\cucumber-plugin-7.6.0.jar;C:\Users\shridharak\.m2\repository\io\cucumber\docstring\7.6.0\docstring-7.6.0.jar;C:\Users\shridharak\.m2\repository\io\cucumber\html-formatter\20.0.0\html-formatter-20.0.0.jar;C:\Users\shridharak\.m2\repository\io\cucumber\ci-environment\9.1.0\ci-environment-9.1.0.jar;C:\Users\shridharak\.m2\repository\org\apiguardian\apiguardian-api\1.1.2\apiguardian-api-1.1.2.jar;C:\Users\shridharak\.m2\repository\io\cucumber\cucumber-picocontainer\4.3.0\cucumber-picocontainer-4.3.0.jar;C:\Users\shridharak\.m2\repository\org\picocontainer\picocontainer\2.15\picocontainer-2.15.jar;C:\Users\shridharak\.m2\repository\com\github\mkolisnyk\cucumber-runner\1.3.5\cucumber-runner-1.3.5.jar;C:\Users\shridharak\.m2\repository\com\github\mkolisnyk\cucumber-report-generator\1.3.5\cucumber-report-generator-1.3.5.jar;C:\Users\shridharak\.m2\repository\org\freemarker\freemarker\2.3.26-incubating\freemarker-2.3.26-incubating.jar;C:\Users\shridharak\.m2\repository\xml-apis\xml-apis\1.4.01\xml-apis-1.4.01.jar;C:\Users\shridharak\.m2\repository\batik\batik-transcoder\1.6-1\batik-transcoder-1.6-1.jar;C:\Users\shridharak\.m2\repository\batik\batik-bridge\1.6-1\batik-bridge-1.6-1.jar;C:\Users\shridharak\.m2\repository\batik\batik-gvt\1.6-1\batik-gvt-1.6-1.jar;C:\Users\shridharak\.m2\repository\batik\batik-awt-util\1.6-1\batik-awt-util-1.6-1.jar;C:\Users\shridharak\.m2\repository\batik\batik-util\1.6-1\batik-util-1.6-1.jar;C:\Users\shridharak\.m2\repository\batik\batik-gui-util\1.6-1\batik-gui-util-1.6-1.jar;C:\Users\shridharak\.m2\repository\batik\batik-ext\1.6-1\batik-ext-1.6-1.jar;C:\Users\shridharak\.m2\repository\xml-apis\xmlParserAPIs\2.0.2\xmlParserAPIs-2.0.2.jar;C:\Users\shridharak\.m2\repository\batik\batik-script\1.6-1\batik-script-1.6-1.jar;C:\Users\shridharak\.m2\repository\rhino\js\1.5R4.1\js-1.5R4.1.jar;C:\Users\shridharak\.m2\repository\batik\batik-svg-dom\1.6-1\batik-svg-dom-1.6-1.jar;C:\Users\shridharak\.m2\repository\batik\batik-dom\1.6-1\batik-dom-1.6-1.jar;C:\Users\shridharak\.m2\repository\batik\batik-css\1.6-1\batik-css-1.6-1.jar;C:\Users\shridharak\.m2\repository\batik\batik-xml\1.6-1\batik-xml-1.6-1.jar;C:\Users\shridharak\.m2\repository\xerces\xercesImpl\2.5.0\xercesImpl-2.5.0.jar;C:\Users\shridharak\.m2\repository\batik\batik-parser\1.6-1\batik-parser-1.6-1.jar;C:\Users\shridharak\.m2\repository\com\itextpdf\itextpdf\5.5.11\itextpdf-5.5.11.jar;C:\Users\shridharak\.m2\repository\com\cedarsoftware\json-io\4.9.12\json-io-4.9.12.jar;C:\Users\shridharak\.m2\repository\info\cukes\cucumber-junit\1.2.5\cucumber-junit-1.2.5.jar;C:\Users\shridharak\.m2\repository\info\cukes\cucumber-core\1.2.5\cucumber-core-1.2.5.jar;C:\Users\shridharak\.m2\repository\info\cukes\cucumber-html\0.2.3\cucumber-html-0.2.3.jar;C:\Users\shridharak\.m2\repository\info\cukes\cucumber-jvm-deps\1.0.5\cucumber-jvm-deps-1.0.5.jar;C:\Users\shridharak\.m2\repository\info\cukes\gherkin\2.12.2\gherkin-2.12.2.jar;C:\Users\shridharak\.m2\repository\info\cukes\cucumber-testng\1.2.5\cucumber-testng-1.2.5.jar;C:\Users\shridharak\.m2\repository\org\testng\testng\6.9.10\testng-6.9.10.jar;C:\Users\shridharak\.m2\repository\org\beanshell\bsh\2.0b4\bsh-2.0b4.jar;C:\Users\shridharak\.m2\repository\org\xhtmlrenderer\flying-saucer-pdf\9.1.7\flying-saucer-pdf-9.1.7.jar;C:\Users\shridharak\.m2\repository\com\lowagie\itext\2.1.7\itext-2.1.7.jar;C:\Users\shridharak\.m2\repository\org\bouncycastle\bctsp-jdk14\1.38\bctsp-jdk14-1.38.jar;C:\Users\shridharak\.m2\repository\org\xhtmlrenderer\flying-saucer-core\9.1.7\flying-saucer-core-9.1.7.jar;C:\Users\shridharak\.m2\repository\org\apache\commons\commons-lang3\3.6\commons-lang3-3.6.jar;C:\Users\shridharak\.m2\repository\commons-codec\commons-codec\1.10\commons-codec-1.10.jar;C:\Users\shridharak\.m2\repository\org\javassist\javassist\3.22.0-CR2\javassist-3.22.0-CR2.jar;C:\Users\shridharak\.m2\repository\joda-time\joda-time\2.9.9\joda-time-2.9.9.jar;C:\Users\shridharak\.m2\repository\org\codehaus\plexus\plexus-utils\3.0.1\plexus-utils-3.0.1.jar;C:\Users\shridharak\.m2\repository\org\apache\maven\maven-plugin-api\2.0\maven-plugin-api-2.0.jar;C:\Users\shridharak\.m2\repository\org\apache\maven\reporting\maven-reporting-api\2.0.8\maven-reporting-api-2.0.8.jar;C:\Users\shridharak\.m2\repository\org\apache\maven\doxia\doxia-sink-api\1.0-alpha-9\doxia-sink-api-1.0-alpha-9.jar;C:\Users\shridharak\.m2\repository\org\apache\maven\reporting\maven-reporting-impl\2.0.4.3\maven-reporting-impl-2.0.4.3.jar;C:\Users\shridharak\.m2\repository\org\apache\maven\maven-project\2.0.4\maven-project-2.0.4.jar;C:\Users\shridharak\.m2\repository\org\apache\maven\maven-settings\2.0.4\maven-settings-2.0.4.jar;C:\Users\shridharak\.m2\repository\org\apache\maven\maven-profile\2.0.4\maven-profile-2.0.4.jar;C:\Users\shridharak\.m2\repository\org\apache\maven\maven-model\2.0.4\maven-model-2.0.4.jar;C:\Users\shridharak\.m2\repository\org\apache\maven\maven-artifact-manager\2.0.4\maven-artifact-manager-2.0.4.jar;C:\Users\shridharak\.m2\repository\org\apache\maven\maven-repository-metadata\2.0.4\maven-repository-metadata-2.0.4.jar;C:\Users\shridharak\.m2\repository\org\apache\maven\wagon\wagon-provider-api\1.0-alpha-6\wagon-provider-api-1.0-alpha-6.jar;C:\Users\shridharak\.m2\repository\org\apache\maven\maven-artifact\2.0.4\maven-artifact-2.0.4.jar;C:\Users\shridharak\.m2\repository\org\codehaus\plexus\plexus-container-default\1.0-alpha-9\plexus-container-default-1.0-alpha-9.jar;C:\Users\shridharak\.m2\repository\classworlds\classworlds\1.1-alpha-2\classworlds-1.1-alpha-2.jar;C:\Users\shridharak\.m2\repository\org\apache\maven\doxia\doxia-core\1.0\doxia-core-1.0.jar;C:\Users\shridharak\.m2\repository\org\apache\maven\doxia\doxia-site-renderer\1.0\doxia-site-renderer-1.0.jar;C:\Users\shridharak\.m2\repository\org\codehaus\plexus\plexus-i18n\1.0-beta-7\plexus-i18n-1.0-beta-7.jar;C:\Users\shridharak\.m2\repository\org\codehaus\plexus\plexus-velocity\1.1.7\plexus-velocity-1.1.7.jar;C:\Users\shridharak\.m2\repository\org\apache\velocity\velocity\1.5\velocity-1.5.jar;C:\Users\shridharak\.m2\repository\commons-lang\commons-lang\2.1\commons-lang-2.1.jar;C:\Users\shridharak\.m2\repository\org\apache\maven\doxia\doxia-decoration-model\1.0\doxia-decoration-model-1.0.jar;C:\Users\shridharak\.m2\repository\commons-collections\commons-collections\3.2\commons-collections-3.2.jar;C:\Users\shridharak\.m2\repository\org\apache\maven\doxia\doxia-module-apt\1.0\doxia-module-apt-1.0.jar;C:\Users\shridharak\.m2\repository\org\apache\maven\doxia\doxia-module-fml\1.0\doxia-module-fml-1.0.jar;C:\Users\shridharak\.m2\repository\org\apache\maven\doxia\doxia-module-xdoc\1.0\doxia-module-xdoc-1.0.jar;C:\Users\shridharak\.m2\repository\org\apache\maven\doxia\doxia-module-xhtml\1.0\doxia-module-xhtml-1.0.jar;C:\Users\shridharak\.m2\repository\commons-validator\commons-validator\1.2.0\commons-validator-1.2.0.jar;C:\Users\shridharak\.m2\repository\commons-beanutils\commons-beanutils\1.7.0\commons-beanutils-1.7.0.jar;C:\Users\shridharak\.m2\repository\commons-digester\commons-digester\1.6\commons-digester-1.6.jar;C:\Users\shridharak\.m2\repository\commons-logging\commons-logging\1.0.4\commons-logging-1.0.4.jar;C:\Users\shridharak\.m2\repository\oro\oro\2.0.8\oro-2.0.8.jar;C:\Users\shridharak\.m2\repository\org\apache\maven\shared\maven-doxia-tools\1.0.2\maven-doxia-tools-1.0.2.jar;C:\Users\shridharak\.m2\repository\io\cucumber\cucumber-junit\7.6.0\cucumber-junit-7.6.0.jar;C:\Users\shridharak\.m2\repository\org\seleniumhq\selenium\selenium-java\4.7.2\selenium-java-4.7.2.jar;C:\Users\shridharak\.m2\repository\org\seleniumhq\selenium\selenium-api\4.7.2\selenium-api-4.7.2.jar;C:\Users\shridharak\.m2\repository\org\seleniumhq\selenium\selenium-chrome-driver\4.7.2\selenium-chrome-driver-4.7.2.jar;C:\Users\shridharak\.m2\repository\com\google\auto\service\auto-service-annotations\1.0.1\auto-service-annotations-1.0.1.jar;C:\Users\shridharak\.m2\repository\com\google\auto\service\auto-service\1.0.1\auto-service-1.0.1.jar;C:\Users\shridharak\.m2\repository\com\google\auto\auto-common\1.2\auto-common-1.2.jar;C:\Users\shridharak\.m2\repository\com\google\guava\guava\31.1-jre\guava-31.1-jre.jar;C:\Users\shridharak\.m2\repository\com\google\guava\failureaccess\1.0.1\failureaccess-1.0.1.jar;C:\Users\shridharak\.m2\repository\com\google\guava\listenablefuture\9999.0-empty-to-avoid-conflict-with-guava\listenablefuture-9999.0-empty-to-avoid-conflict-with-guava.jar;C:\Users\shridharak\.m2\repository\com\google\code\findbugs\jsr305\3.0.2\jsr305-3.0.2.jar;C:\Users\shridharak\.m2\repository\org\checkerframework\checker-qual\3.12.0\checker-qual-3.12.0.jar;C:\Users\shridharak\.m2\repository\com\google\errorprone\error_prone_annotations\2.11.0\error_prone_annotations-2.11.0.jar;C:\Users\shridharak\.m2\repository\com\google\j2objc\j2objc-annotations\1.3\j2objc-annotations-1.3.jar;C:\Users\shridharak\.m2\repository\org\seleniumhq\selenium\selenium-chromium-driver\4.7.2\selenium-chromium-driver-4.7.2.jar;C:\Users\shridharak\.m2\repository\org\seleniumhq\selenium\selenium-json\4.7.2\selenium-json-4.7.2.jar;C:\Users\shridharak\.m2\repository\org\seleniumhq\selenium\selenium-devtools-v106\4.7.2\selenium-devtools-v106-4.7.2.jar;C:\Users\shridharak\.m2\repository\org\seleniumhq\selenium\selenium-devtools-v107\4.7.2\selenium-devtools-v107-4.7.2.jar;C:\Users\shridharak\.m2\repository\org\seleniumhq\selenium\selenium-devtools-v108\4.7.2\selenium-devtools-v108-4.7.2.jar;C:\Users\shridharak\.m2\repository\org\seleniumhq\selenium\selenium-devtools-v85\4.7.2\selenium-devtools-v85-4.7.2.jar;C:\Users\shridharak\.m2\repository\org\seleniumhq\selenium\selenium-edge-driver\4.7.2\selenium-edge-driver-4.7.2.jar;C:\Users\shridharak\.m2\repository\org\seleniumhq\selenium\selenium-firefox-driver\4.7.2\selenium-firefox-driver-4.7.2.jar;C:\Users\shridharak\.m2\repository\org\seleniumhq\selenium\selenium-http\4.7.2\selenium-http-4.7.2.jar;C:\Users\shridharak\.m2\repository\dev\failsafe\failsafe\3.3.0\failsafe-3.3.0.jar;C:\Users\shridharak\.m2\repository\org\seleniumhq\selenium\selenium-ie-driver\4.7.2\selenium-ie-driver-4.7.2.jar;C:\Users\shridharak\.m2\repository\org\seleniumhq\selenium\selenium-remote-driver\4.7.2\selenium-remote-driver-4.7.2.jar;C:\Users\shridharak\.m2\repository\com\beust\jcommander\1.82\jcommander-1.82.jar;C:\Users\shridharak\.m2\repository\io\netty\netty-buffer\4.1.84.Final\netty-buffer-4.1.84.Final.jar;C:\Users\shridharak\.m2\repository\io\netty\netty-codec-http\4.1.84.Final\netty-codec-http-4.1.84.Final.jar;C:\Users\shridharak\.m2\repository\io\netty\netty-codec\4.1.84.Final\netty-codec-4.1.84.Final.jar;C:\Users\shridharak\.m2\repository\io\netty\netty-handler\4.1.84.Final\netty-handler-4.1.84.Final.jar;C:\Users\shridharak\.m2\repository\io\netty\netty-common\4.1.84.Final\netty-common-4.1.84.Final.jar;C:\Users\shridharak\.m2\repository\io\netty\netty-transport-classes-epoll\4.1.84.Final\netty-transport-classes-epoll-4.1.84.Final.jar;C:\Users\shridharak\.m2\repository\io\netty\netty-transport-classes-kqueue\4.1.84.Final\netty-transport-classes-kqueue-4.1.84.Final.jar;C:\Users\shridharak\.m2\repository\io\netty\netty-transport-native-epoll\4.1.84.Final\netty-transport-native-epoll-4.1.84.Final.jar;C:\Users\shridharak\.m2\repository\io\netty\netty-transport-native-kqueue\4.1.84.Final\netty-transport-native-kqueue-4.1.84.Final.jar;C:\Users\shridharak\.m2\repository\io\netty\netty-transport-native-unix-common\4.1.84.Final\netty-transport-native-unix-common-4.1.84.Final.jar;C:\Users\shridharak\.m2\repository\io\netty\netty-transport\4.1.84.Final\netty-transport-4.1.84.Final.jar;C:\Users\shridharak\.m2\repository\io\netty\netty-resolver\4.1.84.Final\netty-resolver-4.1.84.Final.jar;C:\Users\shridharak\.m2\repository\io\opentelemetry\opentelemetry-api\1.19.0\opentelemetry-api-1.19.0.jar;C:\Users\shridharak\.m2\repository\io\opentelemetry\opentelemetry-context\1.19.0\opentelemetry-context-1.19.0.jar;C:\Users\shridharak\.m2\repository\io\opentelemetry\opentelemetry-exporter-logging\1.19.0\opentelemetry-exporter-logging-1.19.0.jar;C:\Users\shridharak\.m2\repository\io\opentelemetry\opentelemetry-sdk-metrics\1.19.0\opentelemetry-sdk-metrics-1.19.0.jar;C:\Users\shridharak\.m2\repository\io\opentelemetry\opentelemetry-sdk-logs\1.19.0-alpha\opentelemetry-sdk-logs-1.19.0-alpha.jar;C:\Users\shridharak\.m2\repository\io\opentelemetry\opentelemetry-api-logs\1.19.0-alpha\opentelemetry-api-logs-1.19.0-alpha.jar;C:\Users\shridharak\.m2\repository\io\opentelemetry\opentelemetry-sdk-common\1.19.0\opentelemetry-sdk-common-1.19.0.jar;C:\Users\shridharak\.m2\repository\io\opentelemetry\opentelemetry-sdk-extension-autoconfigure-spi\1.19.0\opentelemetry-sdk-extension-autoconfigure-spi-1.19.0.jar;C:\Users\shridharak\.m2\repository\io\opentelemetry\opentelemetry-sdk-extension-autoconfigure\1.19.0-alpha\opentelemetry-sdk-extension-autoconfigure-1.19.0-alpha.jar;C:\Users\shridharak\.m2\repository\io\opentelemetry\opentelemetry-exporter-common\1.19.0\opentelemetry-exporter-common-1.19.0.jar;C:\Users\shridharak\.m2\repository\io\opentelemetry\opentelemetry-sdk-trace\1.19.0\opentelemetry-sdk-trace-1.19.0.jar;C:\Users\shridharak\.m2\repository\io\opentelemetry\opentelemetry-sdk\1.19.0\opentelemetry-sdk-1.19.0.jar;C:\Users\shridharak\.m2\repository\io\opentelemetry\opentelemetry-semconv\1.19.0-alpha\opentelemetry-semconv-1.19.0-alpha.jar;C:\Users\shridharak\.m2\repository\io\ous\jtoml\2.0.0\jtoml-2.0.0.jar;C:\Users\shridharak\.m2\repository\net\bytebuddy\byte-buddy\1.12.18\byte-buddy-1.12.18.jar;C:\Users\shridharak\.m2\repository\org\apache\commons\commons-exec\1.3\commons-exec-1.3.jar;C:\Users\shridharak\.m2\repository\org\asynchttpclient\async-http-client\2.12.3\async-http-client-2.12.3.jar;C:\Users\shridharak\.m2\repository\org\asynchttpclient\async-http-client-netty-utils\2.12.3\async-http-client-netty-utils-2.12.3.jar;C:\Users\shridharak\.m2\repository\io\netty\netty-codec-socks\4.1.60.Final\netty-codec-socks-4.1.60.Final.jar;C:\Users\shridharak\.m2\repository\io\netty\netty-handler-proxy\4.1.60.Final\netty-handler-proxy-4.1.60.Final.jar;C:\Users\shridharak\.m2\repository\io\netty\netty-transport-native-epoll\4.1.60.Final\netty-transport-native-epoll-4.1.60.Final-linux-x86_64.jar;C:\Users\shridharak\.m2\repository\io\netty\netty-transport-native-kqueue\4.1.60.Final\netty-transport-native-kqueue-4.1.60.Final-osx-x86_64.jar;C:\Users\shridharak\.m2\repository\org\reactivestreams\reactive-streams\1.0.3\reactive-streams-1.0.3.jar;C:\Users\shridharak\.m2\repository\com\typesafe\netty\netty-reactive-streams\2.0.4\netty-reactive-streams-2.0.4.jar;C:\Users\shridharak\.m2\repository\com\sun\activation\jakarta.activation\1.2.2\jakarta.activation-1.2.2.jar;C:\Users\shridharak\.m2\repository\org\seleniumhq\selenium\selenium-manager\4.7.2\selenium-manager-4.7.2.jar;C:\Users\shridharak\.m2\repository\org\seleniumhq\selenium\selenium-safari-driver\4.7.2\selenium-safari-driver-4.7.2.jar;C:\Users\shridharak\.m2\repository\org\seleniumhq\selenium\selenium-support\4.7.2\selenium-support-4.7.2.jar;C:\Users\shridharak\.m2\repository\io\github\bonigarcia\webdrivermanager\5.6.3\webdrivermanager-5.6.3.jar;C:\Users\shridharak\.m2\repository\org\slf4j\slf4j-api\2.0.10\slf4j-api-2.0.10.jar;C:\Users\shridharak\.m2\repository\com\google\code\gson\gson\2.10.1\gson-2.10.1.jar;C:\Users\shridharak\.m2\repository\com\github\docker-java\docker-java\3.3.4\docker-java-3.3.4.jar;C:\Users\shridharak\.m2\repository\com\github\docker-java\docker-java-core\3.3.4\docker-java-core-3.3.4.jar;C:\Users\shridharak\.m2\repository\com\github\docker-java\docker-java-api\3.3.4\docker-java-api-3.3.4.jar;C:\Users\shridharak\.m2\repository\com\fasterxml\jackson\core\jackson-annotations\2.10.3\jackson-annotations-2.10.3.jar;C:\Users\shridharak\.m2\repository\com\fasterxml\jackson\core\jackson-databind\2.10.3\jackson-databind-2.10.3.jar;C:\Users\shridharak\.m2\repository\com\fasterxml\jackson\core\jackson-core\2.10.3\jackson-core-2.10.3.jar;C:\Users\shridharak\.m2\repository\org\bouncycastle\bcpkix-jdk18on\1.76\bcpkix-jdk18on-1.76.jar;C:\Users\shridharak\.m2\repository\org\bouncycastle\bcprov-jdk18on\1.76\bcprov-jdk18on-1.76.jar;C:\Users\shridharak\.m2\repository\org\bouncycastle\bcutil-jdk18on\1.76\bcutil-jdk18on-1.76.jar;C:\Users\shridharak\.m2\repository\org\slf4j\jcl-over-slf4j\1.7.30\jcl-over-slf4j-1.7.30.jar;C:\Users\shridharak\.m2\repository\com\github\docker-java\docker-java-transport-httpclient5\3.3.4\docker-java-transport-httpclient5-3.3.4.jar;C:\Users\shridharak\.m2\repository\com\github\docker-java\docker-java-transport\3.3.4\docker-java-transport-3.3.4.jar;C:\Users\shridharak\.m2\repository\net\java\dev\jna\jna\5.13.0\jna-5.13.0.jar;C:\Users\shridharak\.m2\repository\org\brotli\dec\0.1.2\dec-0.1.2.jar;C:\Users\shridharak\.m2\repository\org\apache\commons\commons-compress\1.25.0\commons-compress-1.25.0.jar;C:\Users\shridharak\.m2\repository\org\apache\httpcomponents\client5\httpclient5\5.2.1\httpclient5-5.2.1.jar;C:\Users\shridharak\.m2\repository\org\apache\httpcomponents\core5\httpcore5\5.2\httpcore5-5.2.jar;C:\Users\shridharak\.m2\repository\org\apache\httpcomponents\core5\httpcore5-h2\5.2\httpcore5-h2-5.2.jar;C:\Users\shridharak\.m2\repository\junit\junit\4.13.2\junit-4.13.2.jar;C:\Users\shridharak\.m2\repository\org\hamcrest\hamcrest-core\1.3\hamcrest-core-1.3.jar;C:\Users\shridharak\.m2\repository\org\apache\directory\studio\org.apache.commons.io\2.4\org.apache.commons.io-2.4.jar;C:\Users\shridharak\.m2\repository\commons-io\commons-io\2.4\commons-io-2.4.jar;C:\Users\shridharak\.m2\repository\org\json\json\20160810\json-20160810.jar;C:\Users\shridharak\.m2\repository\com\jayway\jsonpath\json-path\2.7.0\json-path-2.7.0.jar;C:\Users\shridharak\.m2\repository\net\minidev\json-smart\2.4.7\json-smart-2.4.7.jar;C:\Users\shridharak\.m2\repository\net\minidev\accessors-smart\2.4.7\accessors-smart-2.4.7.jar;C:\Users\shridharak\.m2\repository\org\ow2\asm\asm\9.1\asm-9.1.jar;C:\Users\shridharak\.m2\repository\com\github\javafaker\javafaker\1.0.1\javafaker-1.0.1.jar;C:\Users\shridharak\.m2\repository\org\yaml\snakeyaml\1.23\snakeyaml-1.23-android.jar;C:\Users\shridharak\.m2\repository\com\github\mifmif\generex\1.0.2\generex-1.0.2.jar;C:\Users\shridharak\.m2\repository\dk\brics\automaton\automaton\1.11-8\automaton-1.11-8.jar;"/>
    <property name="sun.cpu.endian" value="little"/>
    <property name="user.home" value="C:\Users\shridharak"/>
    <property name="user.language" value="en"/>
    <property name="java.specification.vendor" value="Oracle Corporation"/>
    <property name="java.home" value="C:\Program Files\Java\jdk-1.8\jre"/>
    <property name="basedir" value="C:\Users\shridharak\Downloads\almatar\almatar"/>
    <property name="style.color" value="always"/>
    <property name="file.separator" value="\"/>
    <property name="line.separator" value="&#10;"/>
    <property name="java.vm.specification.vendor" value="Oracle Corporation"/>
    <property name="java.specification.name" value="Java Platform API Specification"/>
    <property name="java.awt.graphicsenv" value="sun.awt.Win32GraphicsEnvironment"/>
    <property name="surefire.real.class.path" value="C:\Users\shridharak\AppData\Local\Temp\surefire2153231093280260620\surefirebooter-20240203202440442_3.jar"/>
    <property name="sun.boot.class.path" value="C:\Program Files\Java\jdk-1.8\jre\lib\resources.jar;C:\Program Files\Java\jdk-1.8\jre\lib\rt.jar;C:\Program Files\Java\jdk-1.8\jre\lib\jsse.jar;C:\Program Files\Java\jdk-1.8\jre\lib\jce.jar;C:\Program Files\Java\jdk-1.8\jre\lib\charsets.jar;C:\Program Files\Java\jdk-1.8\jre\lib\jfr.jar;C:\Program Files\Java\jdk-1.8\jre\classes"/>
    <property name="user.script" value=""/>
    <property name="sun.management.compiler" value="HotSpot 64-Bit Tiered Compilers"/>
    <property name="java.runtime.version" value="1.8.0_391-b13"/>
    <property name="user.name" value="shridharak"/>
    <property name="path.separator" value=";"/>
    <property name="os.version" value="10.0"/>
    <property name="java.endorsed.dirs" value="C:\Program Files\Java\jdk-1.8\jre\lib\endorsed"/>
    <property name="java.runtime.name" value="Java(TM) SE Runtime Environment"/>
    <property name="file.encoding" value="Cp1252"/>
    <property name="java.vm.name" value="Java HotSpot(TM) 64-Bit Server VM"/>
    <property name="localRepository" value="C:\Users\shridharak\.m2\repository"/>
    <property name="java.vendor.url.bug" value="http://bugreport.sun.com/bugreport/"/>
    <property name="java.io.tmpdir" value="C:\Users\SHRIDH~1\AppData\Local\Temp\"/>
    <property name="java.version" value="1.8.0_391"/>
    <property name="user.dir" value="C:\Users\shridharak\Downloads\almatar\almatar"/>
    <property name="os.arch" value="amd64"/>
    <property name="java.vm.specification.name" value="Java Virtual Machine Specification"/>
    <property name="java.awt.printerjob" value="sun.awt.windows.WPrinterJob"/>
    <property name="sun.os.patch.level" value=""/>
    <property name="EnvironmentConfigFile" value="src/main/resources/properties/Project_config.properties"/>
    <property name="java.library.path" value="C:\Program Files\Java\jdk-1.8\jre\bin;C:\WINDOWS\Sun\Java\bin;C:\WINDOWS\system32;C:\WINDOWS;C:/Users/shridharak/.p2/pool/plugins/org.eclipse.justj.openjdk.hotspot.jre.full.win32.x86_64_17.0.8.v20230831-1047/jre/bin/server;C:/Users/shridharak/.p2/pool/plugins/org.eclipse.justj.openjdk.hotspot.jre.full.win32.x86_64_17.0.8.v20230831-1047/jre/bin;C:\Program Files (x86)\Common Files\Oracle\Java\javapath;C:\Python310\Scripts\;C:\Python310\;C:\Windows\system32;C:\Windows;C:\Windows\System32\Wbem;C:\Windows\System32\WindowsPowerShell\v1.0\;C:\Windows\System32\OpenSSH\;C:\Program Files\Microsoft SQL Server\150\Tools\Binn\;C:\Program Files\Microsoft SQL Server\Client SDK\ODBC\170\Tools\Binn\;C:\ProgramData\chocolatey\bin;C:\Program Files\TortoiseGit\bin;C:\Program Files (x86)\Microsoft SQL Server\150\DTS\Binn\;C:\Program Files\Azure Data Studio\bin;C:\Program Files\Microsoft VS Code\bin;C:\Program Files\Git\cmd;C:\Program Files (x86)\Microsoft SQL Server\160\DTS\Binn\;C:\Program Files\nodejs\;C:\Program Files\Java\jdk-1.8.391\bin;C:\WINDOWS\system32;C:\WINDOWS;C:\WINDOWS\System32\Wbem;C:\WINDOWS\System32\WindowsPowerShell\v1.0\;C:\WINDOWS\System32\OpenSSH\;C:\Program Files\dotnet\;C:\Program Files\GitHub CLI\;C:\Users\shridharak\AppData\Local\Microsoft\WindowsApps;C:\Users\shridharak\AppData\Local\GitHubDesktop\bin;;C:\Users\shridharak\eclipse\java-2023-03\eclipse;;."/>
    <property name="java.vm.info" value="mixed mode"/>
    <property name="java.vendor" value="Oracle Corporation"/>
    <property name="java.vm.version" value="25.391-b13"/>
    <property name="java.specification.maintenance.version" value="5"/>
    <property name="java.ext.dirs" value="C:\Program Files\Java\jdk-1.8\jre\lib\ext;C:\WINDOWS\Sun\Java\lib\ext"/>
    <property name="sun.io.unicode.encoding" value="UnicodeLittle"/>
    <property name="java.class.version" value="52.0"/>
  </properties>
</testsuite>